<?xml version="1.0" encoding="UTF-8"?>
<testng-results ignored="0" total="1" passed="1" failed="0" skipped="0">
  <reporter-output>
  </reporter-output>
  <suite started-at="2025-02-26T22:29:11 IST" name="Suite" finished-at="2025-02-26T22:29:18 IST" duration-ms="7048">
    <groups>
    </groups>
    <test started-at="2025-02-26T22:29:11 IST" name="LoginTest" finished-at="2025-02-26T22:29:18 IST" duration-ms="7048">
      <class name="test.TC002_LoginTest">
        <test-method is-config="true" signature="setup()[pri:0, instance:test.TC002_LoginTest@7905a0b8]" started-at="2025-02-26T22:29:11 IST" name="setup" finished-at="2025-02-26T22:29:11 IST" duration-ms="11" status="PASS">
          <reporter-output>
          </reporter-output>
        </test-method> <!-- setup -->
        <test-method is-config="true" signature="launchBrowser(java.lang.String,java.lang.String)[pri:0, instance:test.TC002_LoginTest@7905a0b8]" started-at="2025-02-26T22:29:12 IST" name="launchBrowser" finished-at="2025-02-26T22:29:15 IST" duration-ms="3044" status="PASS">
          <params>
            <param index="0">
              <value>
                <![CDATA[Chrome]]>
              </value>
            </param>
            <param index="1">
              <value>
                <![CDATA[https://www.demoblaze.com/]]>
              </value>
            </param>
          </params>
          <reporter-output>
          </reporter-output>
        </test-method> <!-- launchBrowser -->
        <test-method signature="loginTest(java.lang.String,java.lang.String,java.lang.String)[pri:0, instance:test.TC002_LoginTest@7905a0b8]" started-at="2025-02-26T22:29:15 IST" name="loginTest" data-provider="readData" finished-at="2025-02-26T22:29:18 IST" duration-ms="2505" status="PASS">
          <params>
            <param index="0">
              <value>
                <![CDATA[ManiishGuvi]]>
              </value>
            </param>
            <param index="1">
              <value>
                <![CDATA[Maniish@0212]]>
              </value>
            </param>
            <param index="2">
              <value>
                <![CDATA[ValidDetails]]>
              </value>
            </param>
          </params>
          <reporter-output>
          </reporter-output>
        </test-method> <!-- loginTest -->
        <test-method is-config="true" signature="close()[pri:0, instance:test.TC002_LoginTest@7905a0b8]" started-at="2025-02-26T22:29:18 IST" name="close" finished-at="2025-02-26T22:29:18 IST" duration-ms="256" status="PASS">
          <reporter-output>
          </reporter-output>
        </test-method> <!-- close -->
      </class> <!-- test.TC002_LoginTest -->
    </test> <!-- LoginTest -->
  </suite> <!-- Suite -->
</testng-results>
